<?xml version="1.0" encoding="UTF-8"?>
<!-- Generated by org.testng.reporters.JUnitReportReporter -->
<testsuite skipped="0" hostname="DESKTOP-IG075DS" name="demotestng.ExampleValidationSauceDemo" tests="1" failures="0" timestamp="15 Aug 2024 20:32:16 GMT" time="11.122" errors="0">
  <testcase name="validationLoginLogout" time="11.122" classname="demotestng.ExampleValidationSauceDemo"/>
</testsuite> <!-- demotestng.ExampleValidationSauceDemo -->
