<?xml version="1.0" encoding="UTF-8"?>
<!-- Generated by org.testng.reporters.JUnitReportReporter -->
<testsuite skipped="0" hostname="DESKTOP-IG075DS" name="demotestng.UsingMultipleAnnotation" tests="3" failures="0" timestamp="18 Aug 2024 15:24:01 GMT" time="0.011" errors="0">
  <testcase name="signIn" time="0.001" classname="demotestng.UsingMultipleAnnotation"/>
  <testcase name="logout" time="0.009" classname="demotestng.UsingMultipleAnnotation"/>
  <testcase name="composeMail" time="0.001" classname="demotestng.UsingMultipleAnnotation"/>
</testsuite> <!-- demotestng.UsingMultipleAnnotation -->
