<?xml version="1.0" encoding="UTF-8"?>
<!-- Generated by org.testng.reporters.JUnitReportReporter -->
<testsuite skipped="0" hostname="DESKTOP-IG075DS" name="demotestng.ExampleTestngMethod" tests="4" failures="0" timestamp="18 Aug 2024 14:47:31 GMT" time="0.016" errors="0">
  <testcase name="runMethodThroughInvocation" time="0.002" classname="demotestng.ExampleTestngMethod"/>
  <testcase name="runMethodThroughInvocation" time="0.011" classname="demotestng.ExampleTestngMethod"/>
  <testcase name="runMethodThroughInvocation" time="0.002" classname="demotestng.ExampleTestngMethod"/>
  <testcase name="runMethodThroughInvocation" time="0.001" classname="demotestng.ExampleTestngMethod"/>
</testsuite> <!-- demotestng.ExampleTestngMethod -->
