<?xml version="1.0" encoding="UTF-8"?>
<!-- Generated by org.testng.reporters.JUnitReportReporter -->
<testsuite skipped="0" hostname="DESKTOP-IG075DS" name="demotestng.BeforeMethodAfterMethod" tests="2" failures="0" timestamp="18 Aug 2024 19:09:48 GMT" time="0.006" errors="0">
  <testcase name="verifyLoginToApp" time="0.004" classname="demotestng.BeforeMethodAfterMethod"/>
  <testcase name="urlEntered" time="0.002" classname="demotestng.BeforeMethodAfterMethod"/>
</testsuite> <!-- demotestng.BeforeMethodAfterMethod -->
