<?xml version="1.0" encoding="UTF-8"?>
<!-- Generated by org.testng.reporters.JUnitReportReporter -->
<testsuite skipped="0" hostname="DESKTOP-IG075DS" name="demotestng.Example1" tests="2" failures="0" timestamp="15 Aug 2024 14:20:33 GMT" time="0.006" errors="0">
  <testcase name="demoMethod1" time="0.006" classname="demotestng.Example1"/>
  <testcase name="demoMethod2" time="0.000" classname="demotestng.Example1"/>
</testsuite> <!-- demotestng.Example1 -->
