<?xml version="1.0" encoding="UTF-8"?>
<!-- Generated by org.testng.reporters.JUnitReportReporter -->
<testsuite skipped="2" hostname="DESKTOP-IG075DS" name="demotestng.ExampleTestngMethod2" tests="3" failures="0" timestamp="18 Aug 2024 15:12:50 GMT" time="0.007" errors="0">
  <testcase name="demo" time="0.007" classname="demotestng.ExampleTestngMethod2"/>
  <testcase name="demo3" classname="demotestng.ExampleTestngMethod2">
    <skipped/>
  </testcase> <!-- demo3 -->
  <testcase name="demo2" classname="demotestng.ExampleTestngMethod2">
    <skipped/>
  </testcase> <!-- demo2 -->
</testsuite> <!-- demotestng.ExampleTestngMethod2 -->
