<?xml version="1.0" encoding="UTF-8"?>
<!-- Generated by org.testng.reporters.JUnitReportReporter -->
<testsuite skipped="0" hostname="DESKTOP-IG075DS" name="demotestng.BefoeTestAfterTestUse" tests="3" failures="0" timestamp="18 Aug 2024 18:44:16 GMT" time="0.007" errors="0">
  <testcase name="addProduct" time="0.004" classname="demotestng.BefoeTestAfterTestUse"/>
  <testcase name="loginCheck" time="0.002" classname="demotestng.BefoeTestAfterTestUse"/>
  <testcase name="logoutCheck" time="0.001" classname="demotestng.BefoeTestAfterTestUse"/>
</testsuite> <!-- demotestng.BefoeTestAfterTestUse -->
