<?xml version="1.0" encoding="UTF-8"?>
<!-- Generated by org.testng.reporters.JUnitReportReporter -->
<testsuite skipped="0" hostname="DESKTOP-IG075DS" name="demotestng.ExampleTestngMethod1" tests="3" failures="0" timestamp="18 Aug 2024 15:04:34 GMT" time="0.009" errors="0">
  <testcase name="login" time="0.007" classname="demotestng.ExampleTestngMethod1"/>
  <testcase name="logout" time="0.001" classname="demotestng.ExampleTestngMethod1"/>
  <testcase name="sendMail" time="0.001" classname="demotestng.ExampleTestngMethod1"/>
</testsuite> <!-- demotestng.ExampleTestngMethod1 -->
